<?xml version="1.0" encoding="UTF-8"?>
<!-- Generated by org.testng.reporters.JUnitReportReporter -->
<testsuite skipped="0" hostname="DESKTOP-5561OUK" name="ApachePOI.LogicInvoice_DataDriven" tests="2" failures="0" timestamp="2020-07-17T17:28:01 IST" time="9.553" errors="0">
  <testcase name="LoginModule" time="9.413" classname="ApachePOI.LogicInvoice_DataDriven"/>
  <system-out/>
  <testcase name="Close" time="0.140" classname="ApachePOI.LogicInvoice_DataDriven"/>
  <system-out/>
</testsuite> <!-- ApachePOI.LogicInvoice_DataDriven -->
