<?xml version="1.0" encoding="UTF-8"?>
<!-- Generated by org.testng.reporters.JUnitReportReporter -->
<testsuite skipped="0" hostname="DESKTOP-5561OUK" name="DataBaseTesting.DataBase_Connection" tests="1" failures="0" timestamp="2020-08-17T20:45:28 IST" time="0.251" errors="0">
  <testcase name="Connection_1" time="0.251" classname="DataBaseTesting.DataBase_Connection"/>
  <system-out/>
</testsuite> <!-- DataBaseTesting.DataBase_Connection -->
