<?xml version="1.0" encoding="UTF-8"?>
<!-- Generated by org.testng.reporters.JUnitReportReporter -->
<testsuite skipped="0" hostname="DESKTOP-5561OUK" name="JavaScriptExecuter_1.Script_1" tests="1" failures="0" timestamp="2020-08-08T14:29:34 IST" time="16.019" errors="0">
  <testcase name="Login" time="16.019" classname="JavaScriptExecuter_1.Script_1"/>
  <system-out/>
</testsuite> <!-- JavaScriptExecuter_1.Script_1 -->
