<?xml version="1.0" encoding="UTF-8"?>
<!-- Generated by org.testng.reporters.JUnitReportReporter -->
<testsuite skipped="0" hostname="DESKTOP-5561OUK" name="Flipkart.SearchDropDown" tests="1" failures="0" timestamp="2020-08-06T16:25:33 IST" time="12.579" errors="0">
  <testcase name="Search" time="12.579" classname="Flipkart.SearchDropDown"/>
  <system-out/>
</testsuite> <!-- Flipkart.SearchDropDown -->
