<?xml version="1.0" encoding="UTF-8"?>
<!-- Generated by org.testng.reporters.JUnitReportReporter -->
<testsuite skipped="0" hostname="DESKTOP-5561OUK" name="DevLink.CreateJOB_Script_2" tests="3" failures="0" timestamp="2020-08-05T17:37:38 IST" time="28.919" errors="0">
  <testcase name="LoginModule" time="8.213" classname="DevLink.CreateJOB_Script_2"/>
  <system-out/>
  <testcase name="BTL_Job" time="4.655" classname="DevLink.CreateJOB_Script_2"/>
  <system-out/>
  <testcase name="Open_CreateJOB" time="16.051" classname="DevLink.CreateJOB_Script_2"/>
  <system-out/>
</testsuite> <!-- DevLink.CreateJOB_Script_2 -->
