<?xml version="1.0" encoding="UTF-8"?>
<!-- Generated by org.testng.reporters.JUnitReportReporter -->
<testsuite skipped="0" hostname="DESKTOP-5561OUK" name="TataCliq.LoginScript" tests="3" failures="0" timestamp="2020-08-05T13:03:26 IST" time="35.585" errors="0">
  <testcase name="Login" time="13.296" classname="TataCliq.LoginScript"/>
  <system-out/>
  <testcase name="Category" time="6.065" classname="TataCliq.LoginScript"/>
  <system-out/>
  <testcase name="OpenProduct" time="16.224" classname="TataCliq.LoginScript"/>
  <system-out/>
</testsuite> <!-- TataCliq.LoginScript -->
