<?xml version="1.0" encoding="UTF-8"?>
<!-- Generated by org.testng.reporters.JUnitReportReporter -->
<testsuite skipped="0" hostname="DESKTOP-5561OUK" name="SearchDropDown.Brandfactory_Search" tests="1" failures="0" timestamp="2020-08-06T16:11:26 IST" time="10.578" errors="0">
  <testcase name="Search" time="10.578" classname="SearchDropDown.Brandfactory_Search"/>
  <system-out/>
</testsuite> <!-- SearchDropDown.Brandfactory_Search -->
