<?xml version="1.0" encoding="UTF-8"?>
<!-- Generated by org.testng.reporters.JUnitReportReporter -->
<testsuite skipped="0" hostname="DESKTOP-5561OUK" name="ParameterTestNG.ParameterClass" tests="2" failures="0" timestamp="2020-08-16T22:40:39 IST" time="0.038" errors="0">
  <testcase name="testCaseOne" time="0.035" classname="ParameterTestNG.ParameterClass"/>
  <system-out/>
  <testcase name="testCaseTwo" time="0.003" classname="ParameterTestNG.ParameterClass"/>
  <system-out/>
</testsuite> <!-- ParameterTestNG.ParameterClass -->
